<?xml version="1.0" encoding="UTF-8"?>
<!-- Generated by org.testng.reporters.JUnitXMLReporter -->
<testsuite hostname="WIN-4FMBHHT0AJI" name="Default test" tests="2" failures="0" timestamp="8 Jul 2016 09:53:29 GMT" time="0.026" errors="0">
  <testcase name="@BeforeTest test" time="0.0" classname="main.TC01_공통">
    <failure type="org.testng.TestNGException" message="
Parameter &amp;apos;browser&amp;apos; is required by @Configuration on method test but has not been marked @Optional or defined
in C:\Users\Administrator\AppData\Local\Temp\testng-eclipse-560479661\testng-customsuite.xml">
      <![CDATA[org.testng.TestNGException: 
Parameter 'browser' is required by @Configuration on method test but has not been marked @Optional or defined
in C:\Users\Administrator\AppData\Local\Temp\testng-eclipse-560479661\testng-customsuite.xml
	at org.testng.internal.Parameters.createParameters(Parameters.java:155)
	at org.testng.internal.Parameters.createParameters(Parameters.java:355)
	at org.testng.internal.Parameters.createConfigurationParameters(Parameters.java:86)
	at org.testng.internal.Invoker.invokeConfigurations(Invoker.java:199)
	at org.testng.internal.Invoker.invokeConfigurations(Invoker.java:138)
	at org.testng.TestRunner.beforeRun(TestRunner.java:641)
	at org.testng.TestRunner.run(TestRunner.java:609)
	at org.testng.SuiteRunner.runTest(SuiteRunner.java:334)
	at org.testng.SuiteRunner.runSequentially(SuiteRunner.java:329)
	at org.testng.SuiteRunner.privateRun(SuiteRunner.java:291)
	at org.testng.SuiteRunner.run(SuiteRunner.java:240)
	at org.testng.SuiteRunnerWorker.runSuite(SuiteRunnerWorker.java:52)
	at org.testng.SuiteRunnerWorker.run(SuiteRunnerWorker.java:86)
	at org.testng.TestNG.runSuitesSequentially(TestNG.java:1198)
	at org.testng.TestNG.runSuitesLocally(TestNG.java:1123)
	at org.testng.TestNG.run(TestNG.java:1031)
	at org.testng.remote.RemoteTestNG.run(RemoteTestNG.java:115)
	at org.testng.remote.RemoteTestNG.initAndRun(RemoteTestNG.java:207)
	at org.testng.remote.RemoteTestNG.main(RemoteTestNG.java:178)
]]>
    </failure>
  </testcase> <!-- @BeforeTest test -->
  <testcase name="@BeforeTest test" time="0.0" classname="main.TC01_공통">
    <skipped/>
  </testcase> <!-- @BeforeTest test -->
  <testcase name="@BeforeTest setUp" time="0.0" classname="main.TC01_공통">
    <skipped/>
  </testcase> <!-- @BeforeTest setUp -->
  <testcase name="@AfterTest afterClass" time="0.0" classname="main.TC02_만화홈">
    <skipped/>
  </testcase> <!-- @AfterTest afterClass -->
  <testcase name="@AfterTest tearDown" time="0.0" classname="main.TC02_만화홈">
    <skipped/>
  </testcase> <!-- @AfterTest tearDown -->
  <testcase name="comic_001" time="0.004" classname="main.TC01_공통">
    <skipped/>
  </testcase> <!-- comic_001 -->
  <testcase name="comic_002" time="0.001" classname="main.TC02_만화홈">
    <skipped/>
  </testcase> <!-- comic_002 -->
</testsuite> <!-- Default test -->
